Added `getFilteredDynamicOptionSets` and `getElementsInDynamicOptionSet` functions to `frontend/src/views/laudos/TemplateEditor.js`.

**Details of the fix:**
The console error "Uncaught ReferenceError: getFilteredDynamicOptionSets is not defined" indicated that the `getFilteredDynamicOptionSets` function was called but not defined within the `TemplateEditor` component.

To resolve this, two helper functions were added:
1.  `getFilteredDynamicOptionSets()`: This function filters and returns the dynamic option sets associated with the currently selected subsection (`currentSelectedSubsection`). It ensures that dynamic options are only displayed when a subsection is actively chosen.
2.  `getElementsInDynamicOptionSet(dynamicOptionSetId)`: This function takes a `dynamicOptionSetId` and returns all interactive elements belonging to that specific dynamic option set. It relies on `getFilteredDynamicOptionSets` to find the correct set.

These functions were placed before the `filteredElements` constant definition in `TemplateEditor.js` to ensure they are available when called. This change allows the dynamic option sets and their elements to be rendered correctly in the UI, resolving the page loading issue.

---

Passos para corrigir o erro ao editar/excluir conjuntos de opções dinâmicas:

1.  **Corrigir botões aninhados em `TemplateEditor.js`:**
    *   Abra o arquivo `frontend/src/views/laudos/TemplateEditor.js`.
    *   Procure por estruturas onde um elemento `<button>` contém outro `<button>` aninhado. O log do console sugere que isso ocorre dentro de um `CAccordionBody` e `CButton`.
    *   Altere o botão interno para um elemento `<span>` ou `<div>` e aplique os estilos necessários para que ele se pareça com um botão, mas sem a semântica de botão aninhado. Por exemplo, se você tem:
        ```jsx
        <CButton color="success" onClick={undefined} className="position-r...">
          <CLink as="button" type="button" className="btn btn-su..." onClick={undefined} ref={null}>
            <button
              className="btn btn-success position-relative"
              onClick={undefined}
              disabled={undefined}
              type="button"
              ref={null}
            >
              {/* ... conteúdo do botão interno ... */}
            </button>
          </CLink>
        </CButton>
        ```
        Você precisará identificar qual dos `<button>` é o aninhado e alterá-lo. Pode ser que o `CLink as="button"` já esteja criando um botão, e o `<button>` interno seja redundante. A solução mais comum é remover o `<button>` interno e garantir que o `CLink` ou `CButton` externo esteja configurado corretamente.

2.  **Verificar a rota da API para conjuntos de opções dinâmicas:**
    *   **No frontend:**
        *   No mesmo arquivo `frontend/src/views/laudos/TemplateEditor.js`, procure pelas chamadas de API relacionadas à atualização ou exclusão de conjuntos de opções dinâmicas. Elas provavelmente usarão `axios` ou uma função de API customizada.
        *   Verifique se a URL construída para a requisição de `PUT` (atualização) ou `DELETE` (exclusão) está correta e inclui o ID do conjunto de opções dinâmicas. A URL esperada no log é `/api/templates/dynamic-option-sets/{id}`.
    *   **No backend:**
        *   Abra o arquivo `backend/src/routes/template.routes.ts` (ou outro arquivo de rota relevante, se houver um específico para `dynamic-option-sets`).
        *   Verifique se existe uma rota definida para `PUT` e `DELETE` em `/api/templates/dynamic-option-sets/:id`.
        *   Exemplo de rota esperada no backend (pode variar ligeiramente):
            ```typescript
            router.put('/dynamic-option-sets/:id', /* ... controller ... */);
            router.delete('/dynamic-option-sets/:id', /* ... controller ... */);
            ```
        *   Confirme se o controlador associado a essas rotas está corretamente implementado e se ele busca o conjunto de opções dinâmicas pelo ID fornecido.

3.  **Verificar a existência do ID no banco de dados:**
    *   Se as rotas estiverem corretas, o problema pode ser que o ID `6bcce3de-2888-465a-b56c-f9b0e4d1241c` (ou o ID que você está tentando usar) não existe no banco de dados ou está incorreto.
    *   Você pode verificar isso diretamente no banco de dados (usando uma ferramenta como DBeaver, pgAdmin, ou o CLI do Prisma Studio se estiver configurado).

**Observações adicionais:**

*   Os erros `401 (Unauthorized)` e `500 (Internal Server Error)` podem ser problemas separados. Certifique-se de que o usuário está logado e que o token de autenticação está sendo enviado corretamente nas requisições. O erro 500 no carregamento de relatórios pode indicar um problema no backend que precisa ser investigado separadamente, mas pode estar relacionado se os relatórios dependem de conjuntos de opções dinâmicas.
*   Após fazer as alterações, limpe o cache do navegador e recarregue a aplicação para garantir que as novas alterações sejam carregadas.
*   Execute os testes (se houver) e verifique o console novamente para garantir que os erros foram resolvidos.